This is pdfTeX, Version 3.14159265-2.6-1.40.16 (TeX Live 2015/Debian) (preloaded format=pdflatex 2019.5.15)  15 MAY 2019 01:13
entering extended mode
 restricted \write18 enabled.
 %&-line parsing enabled.
**Design_of_JUNO_Calibration.tex
(./Design_of_JUNO_Calibration.tex
LaTeX2e <2016/02/01>
Babel <3.9q> and hyphenation patterns for 13 language(s) loaded.
(./cpc-hepnp.cls
Document Class: cpc-hepnp 

LaTeX Warning: inputting `article.cls' instead of obsolete `article.sty'.

(/usr/share/texlive/texmf-dist/tex/latex/base/article.cls
Document Class: article 2014/09/29 v1.4h Standard LaTeX document class
(/usr/share/texlive/texmf-dist/tex/latex/base/size10.clo
File: size10.clo 2014/09/29 v1.4h Standard LaTeX file (size option)
)
\c@part=\count79
\c@section=\count80
\c@subsection=\count81
\c@subsubsection=\count82
\c@paragraph=\count83
\c@subparagraph=\count84
\c@figure=\count85
\c@table=\count86
\abovecaptionskip=\skip41
\belowcaptionskip=\skip42
\bibindent=\dimen102
)
(/usr/share/texlive/texmf-dist/tex/latex/fancyhdr/fancyhdr.sty
\fancy@headwidth=\skip43
\f@ncyO@elh=\skip44
\f@ncyO@erh=\skip45
\f@ncyO@olh=\skip46
\f@ncyO@orh=\skip47
\f@ncyO@elf=\skip48
\f@ncyO@erf=\skip49
\f@ncyO@olf=\skip50
\f@ncyO@orf=\skip51
)
(/usr/share/texlive/texmf-dist/tex/latex/natbib/natbib.sty
Package: natbib 2010/09/13 8.31b (PWD, AO)
\bibhang=\skip52
\bibsep=\skip53
LaTeX Info: Redefining \cite on input line 694.
\c@NAT@ctr=\count87
)
\c@email=\count88
)
(/usr/share/texlive/texmf-dist/tex/latex/tools/multicol.sty
Package: multicol 2015/08/19 v1.8n multicolumn formatting (FMi)
\c@tracingmulticols=\count89
\mult@box=\box26
\multicol@leftmargin=\dimen103
\c@unbalance=\count90
\c@collectmore=\count91
\doublecol@number=\count92
\multicoltolerance=\count93
\multicolpretolerance=\count94
\full@width=\dimen104
\page@free=\dimen105
\premulticols=\dimen106
\postmulticols=\dimen107
\multicolsep=\skip54
\multicolbaselineskip=\skip55
\partial@page=\box27
\last@line=\box28
\maxbalancingoverflow=\dimen108
\mult@rightbox=\box29
\mult@grightbox=\box30
\mult@gfirstbox=\box31
\mult@firstbox=\box32
\@tempa=\box33
\@tempa=\box34
\@tempa=\box35
\@tempa=\box36
\@tempa=\box37
\@tempa=\box38
\@tempa=\box39
\@tempa=\box40
\@tempa=\box41
\@tempa=\box42
\@tempa=\box43
\@tempa=\box44
\@tempa=\box45
\@tempa=\box46
\@tempa=\box47
\@tempa=\box48
\@tempa=\box49
\c@columnbadness=\count95
\c@finalcolumnbadness=\count96
\last@try=\dimen109
\multicolovershoot=\dimen110
\multicolundershoot=\dimen111
\mult@nat@firstbox=\box50
\colbreak@box=\box51
\mc@col@check@num=\count97
)
(/usr/share/texlive/texmf-dist/tex/latex/graphics/graphicx.sty
Package: graphicx 2014/10/28 v1.0g Enhanced LaTeX Graphics (DPC,SPQR)

(/usr/share/texlive/texmf-dist/tex/latex/graphics/keyval.sty
Package: keyval 2014/10/28 v1.15 key=value parser (DPC)
\KV@toks@=\toks14
)
(/usr/share/texlive/texmf-dist/tex/latex/graphics/graphics.sty
Package: graphics 2016/01/03 v1.0q Standard LaTeX Graphics (DPC,SPQR)

(/usr/share/texlive/texmf-dist/tex/latex/graphics/trig.sty
Package: trig 2016/01/03 v1.10 sin cos tan (DPC)
)
(/usr/share/texlive/texmf-dist/tex/latex/latexconfig/graphics.cfg
File: graphics.cfg 2010/04/23 v1.9 graphics configuration of TeX Live
)
Package graphics Info: Driver file: pdftex.def on input line 95.

(/usr/share/texlive/texmf-dist/tex/latex/pdftex-def/pdftex.def
File: pdftex.def 2011/05/27 v0.06d Graphics/color for pdfTeX

(/usr/share/texlive/texmf-dist/tex/generic/oberdiek/infwarerr.sty
Package: infwarerr 2010/04/08 v1.3 Providing info/warning/error messages (HO)
)
(/usr/share/texlive/texmf-dist/tex/generic/oberdiek/ltxcmds.sty
Package: ltxcmds 2011/11/09 v1.22 LaTeX kernel commands for general use (HO)
)
\Gread@gobject=\count98
))
\Gin@req@height=\dimen112
\Gin@req@width=\dimen113
)
(/usr/share/texlive/texmf-dist/tex/latex/booktabs/booktabs.sty
Package: booktabs 2005/04/14 v1.61803 publication quality tables
\heavyrulewidth=\dimen114
\lightrulewidth=\dimen115
\cmidrulewidth=\dimen116
\belowrulesep=\dimen117
\belowbottomsep=\dimen118
\aboverulesep=\dimen119
\abovetopsep=\dimen120
\cmidrulesep=\dimen121
\cmidrulekern=\dimen122
\defaultaddspace=\dimen123
\@cmidla=\count99
\@cmidlb=\count100
\@aboverulesep=\dimen124
\@belowrulesep=\dimen125
\@thisruleclass=\count101
\@lastruleclass=\count102
\@thisrulewidth=\dimen126
)
(/usr/share/texlive/texmf-dist/tex/latex/amsfonts/amssymb.sty
Package: amssymb 2013/01/14 v3.01 AMS font symbols

(/usr/share/texlive/texmf-dist/tex/latex/amsfonts/amsfonts.sty
Package: amsfonts 2013/01/14 v3.01 Basic AMSFonts support
\@emptytoks=\toks15
\symAMSa=\mathgroup4
\symAMSb=\mathgroup5
LaTeX Font Info:    Overwriting math alphabet `\mathfrak' in version `bold'
(Font)                  U/euf/m/n --> U/euf/b/n on input line 106.
))
(/usr/share/texlive/texmf-dist/tex/latex/tools/bm.sty
Package: bm 2014/10/28 v1.1c Bold Symbol Support (DPC/FMi)
\symboldoperators=\mathgroup6
\symboldletters=\mathgroup7
\symboldsymbols=\mathgroup8
LaTeX Font Info:    Redeclaring math alphabet \mathbf on input line 141.
LaTeX Info: Redefining \bm on input line 207.
)
(/usr/share/texlive/texmf-dist/tex/latex/jknapltx/mathrsfs.sty
Package: mathrsfs 1996/01/01 Math RSFS package v1.0 (jk)
\symrsfs=\mathgroup9
)
(/usr/share/texlive/texmf-dist/tex/latex/bbm-macros/bbm.sty
Package: bbm 1999/03/15 V 1.2 provides fonts for set symbols - TH
LaTeX Font Info:    Overwriting math alphabet `\mathbbm' in version `bold'
(Font)                  U/bbm/m/n --> U/bbm/bx/n on input line 33.
LaTeX Font Info:    Overwriting math alphabet `\mathbbmss' in version `bold'
(Font)                  U/bbmss/m/n --> U/bbmss/bx/n on input line 35.
)
(/usr/share/texlive/texmf-dist/tex/latex/amsmath/amscd.sty
Package: amscd 1999/11/29 v2.0 AMS Commutatitive Diagrams

(/usr/share/texlive/texmf-dist/tex/latex/amsmath/amsgen.sty
File: amsgen.sty 1999/11/30 v2.0 generic functions
\@emptytoks=\toks16
\ex@=\dimen127
)
\athelp@=\toks17
\minaw@=\dimen128
\bigaw@=\dimen129
\minCDarrowwidth=\dimen130
)
(/usr/share/texlive/texmf-dist/tex/latex/amsmath/amsmath.sty
Package: amsmath 2016/03/03 v2.15a AMS math features
\@mathmargin=\skip56

For additional information on amsmath, use the `?' option.
(/usr/share/texlive/texmf-dist/tex/latex/amsmath/amstext.sty
Package: amstext 2000/06/29 v2.01 AMS text
)
(/usr/share/texlive/texmf-dist/tex/latex/amsmath/amsbsy.sty
Package: amsbsy 1999/11/29 v1.2d Bold Symbols
LaTeX Info: Redefining \boldsymbol on input line 28.
\pmbraise@=\dimen131
)
(/usr/share/texlive/texmf-dist/tex/latex/amsmath/amsopn.sty
Package: amsopn 1999/12/14 v2.01 operator names
)
\inf@bad=\count103
LaTeX Info: Redefining \frac on input line 199.
\uproot@=\count104
\leftroot@=\count105
LaTeX Info: Redefining \overline on input line 297.
\classnum@=\count106
\DOTSCASE@=\count107
LaTeX Info: Redefining \ldots on input line 394.
LaTeX Info: Redefining \dots on input line 397.
LaTeX Info: Redefining \cdots on input line 518.
\Mathstrutbox@=\box52
\strutbox@=\box53
\big@size=\dimen132
LaTeX Font Info:    Redeclaring font encoding OML on input line 630.
LaTeX Font Info:    Redeclaring font encoding OMS on input line 631.
\macc@depth=\count108
\c@MaxMatrixCols=\count109
\dotsspace@=\muskip10
\c@parentequation=\count110
\dspbrk@lvl=\count111
\tag@help=\toks18
\row@=\count112
\column@=\count113
\maxfields@=\count114
\andhelp@=\toks19
\eqnshift@=\dimen133
\alignsep@=\dimen134
\tagshift@=\dimen135
\tagwidth@=\dimen136
\totwidth@=\dimen137
\lineht@=\dimen138
\@envbody=\toks20
\multlinegap=\skip57
\multlinetaggap=\skip58
\mathdisplay@stack=\toks21
LaTeX Info: Redefining \[ on input line 2735.
LaTeX Info: Redefining \] on input line 2736.
)
(/usr/share/texlive/texmf-dist/tex/latex/lastpage/lastpage.sty
Package: lastpage 2015/03/29 v1.2m Refers to last page's name (HMM; JPG)
)
(/usr/share/texmf/tex/latex/CJK/CJK.sty
Package: CJK 2015/04/18 4.8.4

(/usr/share/texmf/tex/latex/CJK/mule/MULEenc.sty
Package: MULEenc 2015/04/18 4.8.4
)
(/usr/share/texmf/tex/latex/CJK/CJK.enc
File: CJK.enc 2015/04/18 4.8.4
)
LaTeX Info: Redefining \selectfont on input line 755.
\CJK@indent=\box54
)
(/usr/share/texlive/texmf-dist/tex/latex/subfigure/subfigure.sty
Package: subfigure 2002/03/15 v2.1.5 subfigure package
\subfigtopskip=\skip59
\subfigcapskip=\skip60
\subfigcaptopadj=\dimen139
\subfigbottomskip=\skip61
\subfigcapmargin=\dimen140
\subfiglabelskip=\skip62
\c@subfigure=\count115
\c@lofdepth=\count116
\c@subtable=\count117
\c@lotdepth=\count118

****************************************
* Local config file subfigure.cfg used *
****************************************
(/usr/share/texlive/texmf-dist/tex/latex/subfigure/subfigure.cfg)
\subfig@top=\skip63
\subfig@bottom=\skip64
)
No file Design_of_JUNO_Calibration.aux.
\openout1 = `Design_of_JUNO_Calibration.aux'.

LaTeX Font Info:    Checking defaults for OML/cmm/m/it on input line 17.
LaTeX Font Info:    ... okay on input line 17.
LaTeX Font Info:    Checking defaults for T1/cmr/m/n on input line 17.
LaTeX Font Info:    ... okay on input line 17.
LaTeX Font Info:    Checking defaults for OT1/cmr/m/n on input line 17.
LaTeX Font Info:    ... okay on input line 17.
LaTeX Font Info:    Checking defaults for OMS/cmsy/m/n on input line 17.
LaTeX Font Info:    ... okay on input line 17.
LaTeX Font Info:    Checking defaults for OMX/cmex/m/n on input line 17.
LaTeX Font Info:    ... okay on input line 17.
LaTeX Font Info:    Checking defaults for U/cmr/m/n on input line 17.
LaTeX Font Info:    ... okay on input line 17.
LaTeX Font Info:    Checking defaults for C00/song/m/n on input line 17.
LaTeX Font Info:    ... okay on input line 17.
LaTeX Font Info:    Checking defaults for C05/song/m/n on input line 17.
LaTeX Font Info:    ... okay on input line 17.
LaTeX Font Info:    Checking defaults for C09/song/m/n on input line 17.
LaTeX Font Info:    ... okay on input line 17.
LaTeX Font Info:    Checking defaults for C10/song/m/n on input line 17.
LaTeX Font Info:    ... okay on input line 17.
LaTeX Font Info:    Checking defaults for C20/song/m/n on input line 17.
LaTeX Font Info:    ... okay on input line 17.
LaTeX Font Info:    Checking defaults for C19/song/m/n on input line 17.
LaTeX Font Info:    ... okay on input line 17.
LaTeX Font Info:    Checking defaults for C40/song/m/n on input line 17.
LaTeX Font Info:    ... okay on input line 17.
LaTeX Font Info:    Checking defaults for C42/song/m/n on input line 17.
LaTeX Font Info:    ... okay on input line 17.
LaTeX Font Info:    Checking defaults for C43/song/m/n on input line 17.
LaTeX Font Info:    ... okay on input line 17.
LaTeX Font Info:    Checking defaults for C50/song/m/n on input line 17.
LaTeX Font Info:    ... okay on input line 17.
LaTeX Font Info:    Checking defaults for C52/song/m/n on input line 17.
LaTeX Font Info:    ... okay on input line 17.
LaTeX Font Info:    Checking defaults for C49/song/m/n on input line 17.
LaTeX Font Info:    ... okay on input line 17.
LaTeX Font Info:    Checking defaults for C60/mj/m/n on input line 17.
LaTeX Font Info:    ... okay on input line 17.
LaTeX Font Info:    Checking defaults for C61/mj/m/n on input line 17.
LaTeX Font Info:    ... okay on input line 17.
LaTeX Font Info:    Checking defaults for C63/mj/m/n on input line 17.
LaTeX Font Info:    ... okay on input line 17.
LaTeX Font Info:    Checking defaults for C64/mj/m/n on input line 17.
LaTeX Font Info:    ... okay on input line 17.
LaTeX Font Info:    Checking defaults for C65/mj/m/n on input line 17.
LaTeX Font Info:    ... okay on input line 17.
LaTeX Font Info:    Checking defaults for C70/song/m/n on input line 17.
LaTeX Font Info:    ... okay on input line 17.
LaTeX Font Info:    Checking defaults for C31/song/m/n on input line 17.
LaTeX Font Info:    ... okay on input line 17.
LaTeX Font Info:    Checking defaults for C32/song/m/n on input line 17.
LaTeX Font Info:    ... okay on input line 17.
LaTeX Font Info:    Checking defaults for C33/song/m/n on input line 17.
LaTeX Font Info:    ... okay on input line 17.
LaTeX Font Info:    Checking defaults for C34/song/m/n on input line 17.
LaTeX Font Info:    ... okay on input line 17.
LaTeX Font Info:    Checking defaults for C35/song/m/n on input line 17.
LaTeX Font Info:    ... okay on input line 17.
LaTeX Font Info:    Checking defaults for C36/song/m/n on input line 17.
LaTeX Font Info:    ... okay on input line 17.
LaTeX Font Info:    Checking defaults for C37/song/m/n on input line 17.
LaTeX Font Info:    ... okay on input line 17.
LaTeX Font Info:    Checking defaults for C80/song/m/n on input line 17.
LaTeX Font Info:    ... okay on input line 17.
LaTeX Font Info:    Checking defaults for C81/song/m/n on input line 17.
LaTeX Font Info:    ... okay on input line 17.
LaTeX Font Info:    Checking defaults for C01/song/m/n on input line 17.
LaTeX Font Info:    ... okay on input line 17.
LaTeX Font Info:    Checking defaults for C11/song/m/n on input line 17.
LaTeX Font Info:    ... okay on input line 17.
LaTeX Font Info:    Checking defaults for C21/song/m/n on input line 17.
LaTeX Font Info:    ... okay on input line 17.
LaTeX Font Info:    Checking defaults for C41/song/m/n on input line 17.
LaTeX Font Info:    ... okay on input line 17.
LaTeX Font Info:    Checking defaults for C62/song/m/n on input line 17.
LaTeX Font Info:    ... okay on input line 17.
(/usr/share/texlive/texmf-dist/tex/context/base/supp-pdf.mkii
[Loading MPS to PDF converter (version 2006.09.02).]
\scratchcounter=\count119
\scratchdimen=\dimen141
\scratchbox=\box55
\nofMPsegments=\count120
\nofMParguments=\count121
\everyMPshowfont=\toks22
\MPscratchCnt=\count122
\MPscratchDim=\dimen142
\MPnumerator=\count123
\makeMPintoPDFobject=\count124
\everyMPtoPDFconversion=\toks23
) (/usr/share/texlive/texmf-dist/tex/generic/oberdiek/pdftexcmds.sty
Package: pdftexcmds 2011/11/29 v0.20 Utility functions of pdfTeX for LuaTeX (HO
)

(/usr/share/texlive/texmf-dist/tex/generic/oberdiek/ifluatex.sty
Package: ifluatex 2010/03/01 v1.3 Provides the ifluatex switch (HO)
Package ifluatex Info: LuaTeX not detected.
)
(/usr/share/texlive/texmf-dist/tex/generic/oberdiek/ifpdf.sty
Package: ifpdf 2011/01/30 v2.3 Provides the ifpdf switch (HO)
Package ifpdf Info: pdfTeX in PDF mode is detected.
)
Package pdftexcmds Info: LuaTeX not detected.
Package pdftexcmds Info: \pdf@primitive is available.
Package pdftexcmds Info: \pdf@ifprimitive is available.
Package pdftexcmds Info: \pdfdraftmode found.
)
(/usr/share/texlive/texmf-dist/tex/latex/oberdiek/epstopdf-base.sty
Package: epstopdf-base 2010/02/09 v2.5 Base part for package epstopdf

(/usr/share/texlive/texmf-dist/tex/latex/oberdiek/grfext.sty
Package: grfext 2010/08/19 v1.1 Manage graphics extensions (HO)

(/usr/share/texlive/texmf-dist/tex/generic/oberdiek/kvdefinekeys.sty
Package: kvdefinekeys 2011/04/07 v1.3 Define keys (HO)
))
(/usr/share/texlive/texmf-dist/tex/latex/oberdiek/kvoptions.sty
Package: kvoptions 2011/06/30 v3.11 Key value format for package options (HO)

(/usr/share/texlive/texmf-dist/tex/generic/oberdiek/kvsetkeys.sty
Package: kvsetkeys 2012/04/25 v1.16 Key value parser (HO)

(/usr/share/texlive/texmf-dist/tex/generic/oberdiek/etexcmds.sty
Package: etexcmds 2011/02/16 v1.5 Avoid name clashes with e-TeX commands (HO)
Package etexcmds Info: Could not find \expanded.
(etexcmds)             That can mean that you are not using pdfTeX 1.50 or
(etexcmds)             that some package has redefined \expanded.
(etexcmds)             In the latter case, load this package earlier.
)))
Package grfext Info: Graphics extension search list:
(grfext)             [.png,.pdf,.jpg,.mps,.jpeg,.jbig2,.jb2,.PNG,.PDF,.JPG,.JPE
G,.JBIG2,.JB2,.eps]
(grfext)             \AppendGraphicsExtensions on input line 452.

(/usr/share/texlive/texmf-dist/tex/latex/latexconfig/epstopdf-sys.cfg
File: epstopdf-sys.cfg 2010/07/13 v1.3 Configuration of (r)epstopdf for TeX Liv
e
))
Package lastpage Info: Please have a look at the pageslts package at
(lastpage)             https://www.ctan.org/pkg/pageslts
(lastpage)             ! on input line 17.

(/usr/share/texmf/tex/latex/CJK/standard.bdg
File: standard.bdg 2015/04/18 4.8.4
)
(/usr/share/texmf/tex/latex/CJK/standard.enc
File: standard.enc 2015/04/18 4.8.4
)
(/usr/share/texmf/tex/latex/CJK/standard.chr
File: standard.chr 2015/04/18 4.8.4
)
LaTeX Font Info:    Try loading font information for U+msa on input line 23.

(/usr/share/texlive/texmf-dist/tex/latex/amsfonts/umsa.fd
File: umsa.fd 2013/01/14 v3.01 AMS symbols A
)
LaTeX Font Info:    Try loading font information for U+msb on input line 23.

(/usr/share/texlive/texmf-dist/tex/latex/amsfonts/umsb.fd
File: umsb.fd 2013/01/14 v3.01 AMS symbols B
)
LaTeX Font Info:    Try loading font information for U+rsfs on input line 23.

(/usr/share/texlive/texmf-dist/tex/latex/jknapltx/ursfs.fd
File: ursfs.fd 1998/03/24 rsfs font definition file (jk)
)

LaTeX Warning: Reference `IBD_spe' on page 1 undefined on input line 72.

<IBD.png, id=1, 279.9258pt x 173.448pt>
File: IBD.png Graphic file (type png)
 <use IBD.png>
Package pdftex.def Info: IBD.png used on input line 75.
(pdftex.def)             Requested size: 216.81pt x 134.3414pt.

<calibration_system.png, id=3, 292.9344pt x 332.9238pt>
File: calibration_system.png Graphic file (type png)

<use calibration_system.png>
Package pdftex.def Info: calibration_system.png used on input line 88.
(pdftex.def)             Requested size: 216.81pt x 246.41562pt.


Package multicol Warning: I moved some lines to the next page.
(multicol)                Footnotes on page 1 might be wrong on input line 89.

[1{/var/lib/texmf/fonts/map/pdftex/updmap/pdftex.map}

 <./IBD.png>]

LaTeX Warning: Reference `overview_calibration_system' on page 2 undefined on i
nput line 92.


LaTeX Warning: Reference `source_weight_QC' on page 2 undefined on input line 1
13.


Underfull \hbox (badness 8113) in paragraph at lines 113--114
[]\OT1/cmr/m/n/10 There are three parts for ev-ery ra-dioac-tive
 []


LaTeX Warning: Reference `gamma_source' on page 2 undefined on input line 116.

<source_geometry1.png, id=17, 143.78719pt x 685.8122pt>
File: source_geometry1.png Graphic file (type png)

<use source_geometry1.png>
Package pdftex.def Info: source_geometry1.png used on input line 119.
(pdftex.def)             Requested size: 57.81621pt x 275.76414pt.
 [2 <./calibration_system.png>]
<source_geometry2.png, id=22, 280.04625pt x 438.13687pt>
File: source_geometry2.png Graphic file (type png)

<use source_geometry2.png>
Package pdftex.def Info: source_geometry2.png used on input line 125.
(pdftex.def)             Requested size: 108.405pt x 169.60245pt.


LaTeX Warning: Reference `neutron_source' on page 3 undefined on input line 131
.


LaTeX Warning: Reference `neutron_prototype' on page 3 undefined on input line 
131.

<source_geometry3.png, id=23, 602.25pt x 350.05782pt>
File: source_geometry3.png Graphic file (type png)

<use source_geometry3.png>
Package pdftex.def Info: source_geometry3.png used on input line 135.
(pdftex.def)             Requested size: 216.81pt x 126.0207pt.

<neutron_source_prototype.jpg, id=24, 311.0895pt x 233.5635pt>
File: neutron_source_prototype.jpg Graphic file (type jpg)

<use neutron_source_prototype.jpg>
Package pdftex.def Info: neutron_source_prototype.jpg used on input line 142.
(pdftex.def)             Requested size: 216.81pt x 162.7841pt.


LaTeX Warning: Reference `radioactive_source' on page 3 undefined on input line
 148.


Overfull \hbox (47.4634pt too wide) in paragraph at lines 153--172
 [] 
 []


LaTeX Warning: Reference `Cs137' on page 3 undefined on input line 180.


LaTeX Warning: Reference `neutron' on page 3 undefined on input line 180.

[3 <./source_geometry1.png> <./source_geometry2.png> <./source_geometry3.png> <
./neutron_source_prototype.jpg>]

pdfTeX warning: pdflatex (file ./Cs137.pdf): PDF inclusion: found PDF version <
1.6>, but at most version <1.5> allowed
<Cs137.pdf, id=31, 569.12625pt x 385.44pt>
File: Cs137.pdf Graphic file (type pdf)
 <use Cs137.pdf>
Package pdftex.def Info: Cs137.pdf used on input line 183.
(pdftex.def)             Requested size: 216.81pt x 146.83336pt.

<neutron.pdf, id=32, 569.12625pt x 385.44pt>
File: neutron.pdf Graphic file (type pdf)
 <use neutron.pdf>
Package pdftex.def Info: neutron.pdf used on input line 190.
(pdftex.def)             Requested size: 216.81pt x 146.83336pt.


pdfTeX warning: pdflatex (file ./shadowing_uncertainty.pdf): PDF inclusion: fou
nd PDF version <1.6>, but at most version <1.5> allowed
<shadowing_uncertainty.pdf, id=33, 569.12625pt x 408.52625pt>
File: shadowing_uncertainty.pdf Graphic file (type pdf)

<use shadowing_uncertainty.pdf>
Package pdftex.def Info: shadowing_uncertainty.pdf used on input line 197.
(pdftex.def)             Requested size: 216.81pt x 155.62807pt.

<compton_uncertainty.pdf, id=34, 569.12625pt x 408.52625pt>
File: compton_uncertainty.pdf Graphic file (type pdf)

<use compton_uncertainty.pdf>
Package pdftex.def Info: compton_uncertainty.pdf used on input line 204.
(pdftex.def)             Requested size: 216.81pt x 155.62807pt.


LaTeX Warning: Reference `Cs137' on page 4 undefined on input line 211.


LaTeX Warning: Reference `shadowing' on page 4 undefined on input line 211.


LaTeX Warning: Reference `compton' on page 4 undefined on input line 213.


LaTeX Warning: Reference `statistical' on page 4 undefined on input line 225.

[4 <./Cs137.pdf, page is rotated 90 degrees> <./neutron.pdf, page is rotated 90
 degrees> <./shadowing_uncertainty.pdf, page is rotated 90 degrees> <./compton_
uncertainty.pdf, page is rotated 90 degrees>]

pdfTeX warning: pdflatex (file ./stat_uncertainty.pdf): PDF inclusion: found PD
F version <1.6>, but at most version <1.5> allowed
<stat_uncertainty.pdf, id=142, 569.12625pt x 408.52625pt>
File: stat_uncertainty.pdf Graphic file (type pdf)

<use stat_uncertainty.pdf>
Package pdftex.def Info: stat_uncertainty.pdf used on input line 228.
(pdftex.def)             Requested size: 216.81pt x 155.62807pt.


LaTeX Warning: Reference `non_linearity_fit' on page 5 undefined on input line 
237.

<gamma2e_1.png, id=143, 577.1964pt x 107.9232pt>
File: gamma2e_1.png Graphic file (type png)
 <use gamma2e_1.png>
Package pdftex.def Info: gamma2e_1.png used on input line 243.
(pdftex.def)             Requested size: 216.81pt x 40.5386pt.

<gamma2e_2.png, id=144, 577.1964pt x 135.8676pt>
File: gamma2e_2.png Graphic file (type png)
 <use gamma2e_2.png>
Package pdftex.def Info: gamma2e_2.png used on input line 244.
(pdftex.def)             Requested size: 216.81pt x 51.03522pt.

<gamma_e_pdf1.png, id=145, 220.1826pt x 154.176pt>
File: gamma_e_pdf1.png Graphic file (type png)
 <use gamma_e_pdf1.png>
Package pdftex.def Info: gamma_e_pdf1.png used on input line 253.
(pdftex.def)             Requested size: 144.54pt x 101.21301pt.

<gamma_e_pdf2.png, id=146, 221.1462pt x 157.5486pt>
File: gamma_e_pdf2.png Graphic file (type png)
 <use gamma_e_pdf2.png>
Package pdftex.def Info: gamma_e_pdf2.png used on input line 254.
(pdftex.def)             Requested size: 144.54pt x 102.97511pt.


LaTeX Warning: Reference `gamma2e' on page 5 undefined on input line 261.


LaTeX Warning: Reference `gamma_e_pdf' on page 5 undefined on input line 261.

<non_linearity_fit.pdf, id=147, 569.12625pt x 385.44pt>
File: non_linearity_fit.pdf Graphic file (type pdf)

<use non_linearity_fit.pdf>
Package pdftex.def Info: non_linearity_fit.pdf used on input line 274.
(pdftex.def)             Requested size: 216.81pt x 146.83336pt.
 <B12.png, id=148, 478.03593pt x 309.40594pt>
File: B12.png Graphic file (type png)

<use B12.png>
Package pdftex.def Info: B12.png used on input line 275.
(pdftex.def)             Requested size: 195.12877pt x 126.29544pt.
 [5 <./stat_uncertainty.pdf, page is rotated 90 degrees> <./gamma2e_1.png> <./g
amma2e_2.png> <./gamma_e_pdf1.png> <./gamma_e_pdf2.png>]

LaTeX Warning: Reference `eq1' on page 6 undefined on input line 276.

<bias_positron.png, id=160, 708.6475pt x 531.9875pt>
File: bias_positron.png Graphic file (type png)
 <use bias_positron.png>
Package pdftex.def Info: bias_positron.png used on input line 284.
(pdftex.def)             Requested size: 180.67499pt x 135.63472pt.


LaTeX Warning: Reference `non_linearity_fit' on page 6 undefined on input line 
290.

<sys_uncertainty_non-linearity.pdf, id=161, 569.12625pt x 408.52625pt>
File: sys_uncertainty_non-linearity.pdf Graphic file (type pdf)

<use sys_uncertainty_non-linearity.pdf>
Package pdftex.def Info: sys_uncertainty_non-linearity.pdf used on input line 2
94.
(pdftex.def)             Requested size: 216.81pt x 155.62807pt.


LaTeX Warning: Reference `sys_uncertainty_non-linearity' on page 6 undefined on
 input line 302.

<calibration_mapping.pdf, id=162, 453.695pt x 739.76375pt>
File: calibration_mapping.pdf Graphic file (type pdf)

<use calibration_mapping.pdf>
Package pdftex.def Info: calibration_mapping.pdf used on input line 307.
(pdftex.def)             Requested size: 216.81pt x 353.51355pt.

<spline_function.pdf, id=163, 597.23125pt x 845.1575pt>
File: spline_function.pdf Graphic file (type pdf)

<use spline_function.pdf>
Package pdftex.def Info: spline_function.pdf used on input line 314.
(pdftex.def)             Requested size: 216.81pt x 306.80989pt.
 [6 <./non_linearity_fit.pdf, page is rotated 90 degrees> <./B12.png> <./bias_p
ositron.png> <./sys_uncertainty_non-linearity.pdf, page is rotated 90 degrees>]

<non_uniform_correction.pdf, id=214, 502.87875pt x 739.76375pt>
File: non_uniform_correction.pdf Graphic file (type pdf)

<use non_uniform_correction.pdf>
Package pdftex.def Info: non_uniform_correction.pdf used on input line 322.
(pdftex.def)             Requested size: 180.67499pt x 265.78421pt.


LaTeX Warning: Reference `calibration_mapping' on page 7 undefined on input lin
e 327.


LaTeX Warning: Reference `spline_function' on page 7 undefined on input line 32
7.


LaTeX Warning: Reference `mono_energy' on page 7 undefined on input line 328.


LaTeX Warning: Reference `mono_energy' on page 7 undefined on input line 328.

<best_anchor.pdf, id=215, 569.12625pt x 363.3575pt>
File: best_anchor.pdf Graphic file (type pdf)
 <use best_anchor.pdf>
Package pdftex.def Info: best_anchor.pdf used on input line 332.
(pdftex.def)             Requested size: 289.07999pt x 184.57246pt.

Overfull \hbox (44.38629pt too wide) in paragraph at lines 332--333
 [] 
 []

[7 <./calibration_mapping.pdf> <./spline_function.pdf> <./non_uniform_correctio
n.pdf>]

LaTeX Warning: Reference `best_anchor' on page 8 undefined on input line 345.

<basic_coverage.pdf, id=5290, 453.695pt x 739.76375pt>
File: basic_coverage.pdf Graphic file (type pdf)

<use basic_coverage.pdf>
Package pdftex.def Info: basic_coverage.pdf used on input line 349.
(pdftex.def)             Requested size: 216.81pt x 353.51355pt.

<non_uniform_correct_bias.pdf, id=5291, 569.12625pt x 408.52625pt>
File: non_uniform_correct_bias.pdf Graphic file (type pdf)

<use non_uniform_correct_bias.pdf>
Package pdftex.def Info: non_uniform_correct_bias.pdf used on input line 357.
(pdftex.def)             Requested size: 180.67499pt x 129.69005pt.

<non_uniform_correct_resolution.pdf, id=5292, 569.12625pt x 408.52625pt>
File: non_uniform_correct_resolution.pdf Graphic file (type pdf)

<use non_uniform_correct_resolution.pdf>
Package pdftex.def Info: non_uniform_correct_resolution.pdf used on input line 
358.
(pdftex.def)             Requested size: 180.67499pt x 129.69005pt.

<bias_vertex.pdf, id=5293, 569.12625pt x 408.52625pt>
File: bias_vertex.pdf Graphic file (type pdf)
 <use bias_vertex.pdf>
Package pdftex.def Info: bias_vertex.pdf used on input line 359.
(pdftex.def)             Requested size: 180.67499pt x 129.69005pt.

<resolution_vertex.pdf, id=5294, 569.12625pt x 408.52625pt>
File: resolution_vertex.pdf Graphic file (type pdf)

<use resolution_vertex.pdf>
Package pdftex.def Info: resolution_vertex.pdf used on input line 360.
(pdftex.def)             Requested size: 180.67499pt x 129.69005pt.
 [8 <./best_anchor.pdf, page is rotated 90 degrees> <./basic_coverage.pdf> <./n
on_uniform_correct_bias.pdf, page is rotated 90 degrees> <./non_uniform_correct
_resolution.pdf, page is rotated 90 degrees>]
<vertex_resolution.pdf, id=5471, 569.12625pt x 408.52625pt>
File: vertex_resolution.pdf Graphic file (type pdf)

<use vertex_resolution.pdf>
Package pdftex.def Info: vertex_resolution.pdf used on input line 367.
(pdftex.def)             Requested size: 216.81pt x 155.62807pt.


LaTeX Warning: Reference `basic_coverage' on page 9 undefined on input line 373
.


LaTeX Warning: Reference `non_uniform_crrect_sum' on page 9 undefined on input 
line 373.


LaTeX Warning: Reference `vertex_resolution' on page 9 undefined on input line 
377.


LaTeX Warning: Reference `summary_resolution' on page 9 undefined on input line
 377.

<resolution_position_smearing.pdf, id=5472, 569.12625pt x 408.52625pt>
File: resolution_position_smearing.pdf Graphic file (type pdf)

<use resolution_position_smearing.pdf>
Package pdftex.def Info: resolution_position_smearing.pdf used on input line 38
3.
(pdftex.def)             Requested size: 216.81pt x 155.62807pt.


LaTeX Warning: Reference `cls_position_smearing' on page 9 undefined on input l
ine 389.


LaTeX Warning: Reference `weekly_time' on page 9 undefined on input line 396.

[9 <./bias_vertex.pdf, page is rotated 90 degrees> <./resolution_vertex.pdf, pa
ge is rotated 90 degrees> <./vertex_resolution.pdf, page is rotated 90 degrees>
 <./resolution_position_smearing.pdf, page is rotated 90 degrees>]

LaTeX Warning: Reference `special_time' on page 10 undefined on input line 465.



LaTeX Warning: Empty `thebibliography' environment on input line 511.

[10]

Package lastpage Warning: Rerun to get the references right on input line 518.


AED: lastpage setting LastPage
(./Design_of_JUNO_Calibration.aux)

LaTeX Warning: There were undefined references.


LaTeX Warning: Label(s) may have changed. Rerun to get cross-references right.

 ) 
Here is how much of TeX's memory you used:
 4598 strings out of 494465
 58434 string characters out of 6171947
 138863 words of memory out of 5000000
 7883 multiletter control sequences out of 15000+600000
 14640 words of font info for 56 fonts, out of 8000000 for 9000
 286 hyphenation exceptions out of 8191
 38i,10n,45p,872b,658s stack positions out of 5000i,500n,10000p,200000b,80000s
</usr/share/texlive/texmf-dist/fonts/type1/public/amsfonts/cm/cmbx10.pfb></us
r/share/texlive/texmf-dist/fonts/type1/public/amsfonts/cm/cmbx12.pfb></usr/shar
e/texlive/texmf-dist/fonts/type1/public/amsfonts/cm/cmbx9.pfb></usr/share/texli
ve/texmf-dist/fonts/type1/public/amsfonts/cmextra/cmex8.pfb></usr/share/texlive
/texmf-dist/fonts/type1/public/amsfonts/cm/cmmi10.pfb></usr/share/texlive/texmf
-dist/fonts/type1/public/amsfonts/cm/cmmi5.pfb></usr/share/texlive/texmf-dist/f
onts/type1/public/amsfonts/cm/cmmi6.pfb></usr/share/texlive/texmf-dist/fonts/ty
pe1/public/amsfonts/cm/cmmi8.pfb></usr/share/texlive/texmf-dist/fonts/type1/pub
lic/amsfonts/cm/cmr10.pfb></usr/share/texlive/texmf-dist/fonts/type1/public/ams
fonts/cm/cmr5.pfb></usr/share/texlive/texmf-dist/fonts/type1/public/amsfonts/cm
/cmr6.pfb></usr/share/texlive/texmf-dist/fonts/type1/public/amsfonts/cm/cmr8.pf
b></usr/share/texlive/texmf-dist/fonts/type1/public/amsfonts/cm/cmr9.pfb></usr/
share/texlive/texmf-dist/fonts/type1/public/amsfonts/cm/cmsy6.pfb></usr/share/t
exlive/texmf-dist/fonts/type1/public/amsfonts/cm/cmsy8.pfb>
Output written on Design_of_JUNO_Calibration.pdf (10 pages, 1480938 bytes).
PDF statistics:
 5701 PDF objects out of 6186 (max. 8388607)
 5256 compressed objects within 53 object streams
 0 named destinations out of 1000 (max. 500000)
 151 words of extra memory for PDF output out of 10000 (max. 10000000)

