This is pdfTeX, Version 3.14159265-2.6-1.40.18 (TeX Live 2017/W32TeX) (preloaded format=pdflatex 2018.8.21)  15 APR 2019 10:47
entering extended mode
 restricted \write18 enabled.
 %&-line parsing enabled.
**./JUNO_calibration_strategy_v3.tex
(./JUNO_calibration_strategy_v3.tex
LaTeX2e <2017-04-15>
Babel <3.10> and hyphenation patterns for 84 language(s) loaded.
(./cpc-hepnp.cls
Document Class: cpc-hepnp 

LaTeX Warning: inputting `article.cls' instead of obsolete `article.sty'.

(c:/texlive/2017/texmf-dist/tex/latex/base/article.cls
Document Class: article 2014/09/29 v1.4h Standard LaTeX document class
(c:/texlive/2017/texmf-dist/tex/latex/base/size10.clo
File: size10.clo 2014/09/29 v1.4h Standard LaTeX file (size option)
)
\c@part=\count79
\c@section=\count80
\c@subsection=\count81
\c@subsubsection=\count82
\c@paragraph=\count83
\c@subparagraph=\count84
\c@figure=\count85
\c@table=\count86
\abovecaptionskip=\skip41
\belowcaptionskip=\skip42
\bibindent=\dimen102
)
(c:/texlive/2017/texmf-dist/tex/latex/fancyhdr/fancyhdr.sty
Package: fancyhdr 2016/09/06 3.8 Extensive control of page headers and footers
\fancy@headwidth=\skip43
\f@ncyO@elh=\skip44
\f@ncyO@erh=\skip45
\f@ncyO@olh=\skip46
\f@ncyO@orh=\skip47
\f@ncyO@elf=\skip48
\f@ncyO@erf=\skip49
\f@ncyO@olf=\skip50
\f@ncyO@orf=\skip51
)
(c:/texlive/2017/texmf-dist/tex/latex/natbib/natbib.sty
Package: natbib 2010/09/13 8.31b (PWD, AO)
\bibhang=\skip52
\bibsep=\skip53
LaTeX Info: Redefining \cite on input line 694.
\c@NAT@ctr=\count87
)
\c@email=\count88
)
(c:/texlive/2017/texmf-dist/tex/latex/tools/multicol.sty
Package: multicol 2017/04/11 v1.8q multicolumn formatting (FMi)
\c@tracingmulticols=\count89
\mult@box=\box26
\multicol@leftmargin=\dimen103
\c@unbalance=\count90
\c@collectmore=\count91
\doublecol@number=\count92
\multicoltolerance=\count93
\multicolpretolerance=\count94
\full@width=\dimen104
\page@free=\dimen105
\premulticols=\dimen106
\postmulticols=\dimen107
\multicolsep=\skip54
\multicolbaselineskip=\skip55
\partial@page=\box27
\last@line=\box28
\maxbalancingoverflow=\dimen108
\mult@rightbox=\box29
\mult@grightbox=\box30
\mult@gfirstbox=\box31
\mult@firstbox=\box32
\@tempa=\box33
\@tempa=\box34
\@tempa=\box35
\@tempa=\box36
\@tempa=\box37
\@tempa=\box38
\@tempa=\box39
\@tempa=\box40
\@tempa=\box41
\@tempa=\box42
\@tempa=\box43
\@tempa=\box44
\@tempa=\box45
\@tempa=\box46
\@tempa=\box47
\@tempa=\box48
\@tempa=\box49
\c@columnbadness=\count95
\c@finalcolumnbadness=\count96
\last@try=\dimen109
\multicolovershoot=\dimen110
\multicolundershoot=\dimen111
\mult@nat@firstbox=\box50
\colbreak@box=\box51
\mc@col@check@num=\count97
)
(c:/texlive/2017/texmf-dist/tex/latex/graphics/graphicx.sty
Package: graphicx 2014/10/28 v1.0g Enhanced LaTeX Graphics (DPC,SPQR)

(c:/texlive/2017/texmf-dist/tex/latex/graphics/keyval.sty
Package: keyval 2014/10/28 v1.15 key=value parser (DPC)
\KV@toks@=\toks14
)
(c:/texlive/2017/texmf-dist/tex/latex/graphics/graphics.sty
Package: graphics 2017/04/14 v1.1b Standard LaTeX Graphics (DPC,SPQR)

(c:/texlive/2017/texmf-dist/tex/latex/graphics/trig.sty
Package: trig 2016/01/03 v1.10 sin cos tan (DPC)
)
(c:/texlive/2017/texmf-dist/tex/latex/graphics-cfg/graphics.cfg
File: graphics.cfg 2016/06/04 v1.11 sample graphics configuration
)
Package graphics Info: Driver file: pdftex.def on input line 99.

(c:/texlive/2017/texmf-dist/tex/latex/graphics-def/pdftex.def
File: pdftex.def 2017/01/12 v0.06k Graphics/color for pdfTeX

(c:/texlive/2017/texmf-dist/tex/generic/oberdiek/infwarerr.sty
Package: infwarerr 2016/05/16 v1.4 Providing info/warning/error messages (HO)
)
(c:/texlive/2017/texmf-dist/tex/generic/oberdiek/ltxcmds.sty
Package: ltxcmds 2016/05/16 v1.23 LaTeX kernel commands for general use (HO)
)
\Gread@gobject=\count98
))
\Gin@req@height=\dimen112
\Gin@req@width=\dimen113
)
(c:/texlive/2017/texmf-dist/tex/latex/booktabs/booktabs.sty
Package: booktabs 2016/04/27 v1.618033 publication quality tables
\heavyrulewidth=\dimen114
\lightrulewidth=\dimen115
\cmidrulewidth=\dimen116
\belowrulesep=\dimen117
\belowbottomsep=\dimen118
\aboverulesep=\dimen119
\abovetopsep=\dimen120
\cmidrulesep=\dimen121
\cmidrulekern=\dimen122
\defaultaddspace=\dimen123
\@cmidla=\count99
\@cmidlb=\count100
\@aboverulesep=\dimen124
\@belowrulesep=\dimen125
\@thisruleclass=\count101
\@lastruleclass=\count102
\@thisrulewidth=\dimen126
)
(c:/texlive/2017/texmf-dist/tex/latex/amsfonts/amssymb.sty
Package: amssymb 2013/01/14 v3.01 AMS font symbols

(c:/texlive/2017/texmf-dist/tex/latex/amsfonts/amsfonts.sty
Package: amsfonts 2013/01/14 v3.01 Basic AMSFonts support
\@emptytoks=\toks15
\symAMSa=\mathgroup4
\symAMSb=\mathgroup5
LaTeX Font Info:    Overwriting math alphabet `\mathfrak' in version `bold'
(Font)                  U/euf/m/n --> U/euf/b/n on input line 106.
))
(c:/texlive/2017/texmf-dist/tex/latex/tools/bm.sty
Package: bm 2017/01/16 v1.2c Bold Symbol Support (DPC/FMi)
\symboldoperators=\mathgroup6
\symboldletters=\mathgroup7
\symboldsymbols=\mathgroup8
LaTeX Font Info:    Redeclaring math alphabet \mathbf on input line 141.
LaTeX Info: Redefining \bm on input line 207.
)
(c:/texlive/2017/texmf-dist/tex/latex/jknapltx/mathrsfs.sty
Package: mathrsfs 1996/01/01 Math RSFS package v1.0 (jk)
\symrsfs=\mathgroup9
)
(c:/texlive/2017/texmf-dist/tex/latex/bbm-macros/bbm.sty
Package: bbm 1999/03/15 V 1.2 provides fonts for set symbols - TH
LaTeX Font Info:    Overwriting math alphabet `\mathbbm' in version `bold'
(Font)                  U/bbm/m/n --> U/bbm/bx/n on input line 33.
LaTeX Font Info:    Overwriting math alphabet `\mathbbmss' in version `bold'
(Font)                  U/bbmss/m/n --> U/bbmss/bx/n on input line 35.
)
(c:/texlive/2017/texmf-dist/tex/latex/amsmath/amscd.sty
Package: amscd 2017/04/14 v2.1 AMS Commutative Diagrams

(c:/texlive/2017/texmf-dist/tex/latex/amsmath/amsgen.sty
File: amsgen.sty 1999/11/30 v2.0 generic functions
\@emptytoks=\toks16
\ex@=\dimen127
)
\athelp@=\toks17
\minaw@=\dimen128
\bigaw@=\dimen129
\minCDarrowwidth=\dimen130
)
(c:/texlive/2017/texmf-dist/tex/latex/amsmath/amsmath.sty
Package: amsmath 2016/11/05 v2.16a AMS math features
\@mathmargin=\skip56

For additional information on amsmath, use the `?' option.
(c:/texlive/2017/texmf-dist/tex/latex/amsmath/amstext.sty
Package: amstext 2000/06/29 v2.01 AMS text
)
(c:/texlive/2017/texmf-dist/tex/latex/amsmath/amsbsy.sty
Package: amsbsy 1999/11/29 v1.2d Bold Symbols
LaTeX Info: Redefining \boldsymbol on input line 28.
\pmbraise@=\dimen131
)
(c:/texlive/2017/texmf-dist/tex/latex/amsmath/amsopn.sty
Package: amsopn 2016/03/08 v2.02 operator names
)
\inf@bad=\count103
LaTeX Info: Redefining \frac on input line 213.
\uproot@=\count104
\leftroot@=\count105
LaTeX Info: Redefining \overline on input line 375.
\classnum@=\count106
\DOTSCASE@=\count107
LaTeX Info: Redefining \ldots on input line 472.
LaTeX Info: Redefining \dots on input line 475.
LaTeX Info: Redefining \cdots on input line 596.
\Mathstrutbox@=\box52
\strutbox@=\box53
\big@size=\dimen132
LaTeX Font Info:    Redeclaring font encoding OML on input line 712.
LaTeX Font Info:    Redeclaring font encoding OMS on input line 713.
\macc@depth=\count108
\c@MaxMatrixCols=\count109
\dotsspace@=\muskip10
\c@parentequation=\count110
\dspbrk@lvl=\count111
\tag@help=\toks18
\row@=\count112
\column@=\count113
\maxfields@=\count114
\andhelp@=\toks19
\eqnshift@=\dimen133
\alignsep@=\dimen134
\tagshift@=\dimen135
\tagwidth@=\dimen136
\totwidth@=\dimen137
\lineht@=\dimen138
\@envbody=\toks20
\multlinegap=\skip57
\multlinetaggap=\skip58
\mathdisplay@stack=\toks21
LaTeX Info: Redefining \[ on input line 2817.
LaTeX Info: Redefining \] on input line 2818.
)
(c:/texlive/2017/texmf-dist/tex/latex/lastpage/lastpage.sty
Package: lastpage 2015/03/29 v1.2m Refers to last page's name (HMM; JPG)
)
(c:/texlive/2017/texmf-dist/tex/latex/cjk/texinput/CJK.sty
Package: CJK 2015/04/18 4.8.4

(c:/texlive/2017/texmf-dist/tex/latex/cjk/texinput/mule/MULEenc.sty
Package: MULEenc 2015/04/18 4.8.4
)
(c:/texlive/2017/texmf-dist/tex/latex/cjk/texinput/CJK.enc
File: CJK.enc 2015/04/18 4.8.4
)
LaTeX Info: Redefining \selectfont on input line 755.
\CJK@indent=\box54
)
(c:/texlive/2017/texmf-dist/tex/latex/subfigure/subfigure.sty
Package: subfigure 2002/03/15 v2.1.5 subfigure package
\subfigtopskip=\skip59
\subfigcapskip=\skip60
\subfigcaptopadj=\dimen139
\subfigbottomskip=\skip61
\subfigcapmargin=\dimen140
\subfiglabelskip=\skip62
\c@subfigure=\count115
\c@lofdepth=\count116
\c@subtable=\count117
\c@lotdepth=\count118

****************************************
* Local config file subfigure.cfg used *
****************************************
(c:/texlive/2017/texmf-dist/tex/latex/subfigure/subfigure.cfg)
\subfig@top=\skip63
\subfig@bottom=\skip64
)
(./JUNO_calibration_strategy_v3.aux)
\openout1 = `JUNO_calibration_strategy_v3.aux'.

LaTeX Font Info:    Checking defaults for OML/cmm/m/it on input line 17.
LaTeX Font Info:    ... okay on input line 17.
LaTeX Font Info:    Checking defaults for T1/cmr/m/n on input line 17.
LaTeX Font Info:    ... okay on input line 17.
LaTeX Font Info:    Checking defaults for OT1/cmr/m/n on input line 17.
LaTeX Font Info:    ... okay on input line 17.
LaTeX Font Info:    Checking defaults for OMS/cmsy/m/n on input line 17.
LaTeX Font Info:    ... okay on input line 17.
LaTeX Font Info:    Checking defaults for OMX/cmex/m/n on input line 17.
LaTeX Font Info:    ... okay on input line 17.
LaTeX Font Info:    Checking defaults for U/cmr/m/n on input line 17.
LaTeX Font Info:    ... okay on input line 17.
LaTeX Font Info:    Checking defaults for C00/song/m/n on input line 17.
LaTeX Font Info:    ... okay on input line 17.
LaTeX Font Info:    Checking defaults for C05/song/m/n on input line 17.
LaTeX Font Info:    ... okay on input line 17.
LaTeX Font Info:    Checking defaults for C09/song/m/n on input line 17.
LaTeX Font Info:    ... okay on input line 17.
LaTeX Font Info:    Checking defaults for C10/song/m/n on input line 17.
LaTeX Font Info:    ... okay on input line 17.
LaTeX Font Info:    Checking defaults for C20/song/m/n on input line 17.
LaTeX Font Info:    ... okay on input line 17.
LaTeX Font Info:    Checking defaults for C19/song/m/n on input line 17.
LaTeX Font Info:    ... okay on input line 17.
LaTeX Font Info:    Checking defaults for C40/song/m/n on input line 17.
LaTeX Font Info:    ... okay on input line 17.
LaTeX Font Info:    Checking defaults for C42/song/m/n on input line 17.
LaTeX Font Info:    ... okay on input line 17.
LaTeX Font Info:    Checking defaults for C43/song/m/n on input line 17.
LaTeX Font Info:    ... okay on input line 17.
LaTeX Font Info:    Checking defaults for C50/song/m/n on input line 17.
LaTeX Font Info:    ... okay on input line 17.
LaTeX Font Info:    Checking defaults for C52/song/m/n on input line 17.
LaTeX Font Info:    ... okay on input line 17.
LaTeX Font Info:    Checking defaults for C49/song/m/n on input line 17.
LaTeX Font Info:    ... okay on input line 17.
LaTeX Font Info:    Checking defaults for C60/mj/m/n on input line 17.
LaTeX Font Info:    ... okay on input line 17.
LaTeX Font Info:    Checking defaults for C61/mj/m/n on input line 17.
LaTeX Font Info:    ... okay on input line 17.
LaTeX Font Info:    Checking defaults for C63/mj/m/n on input line 17.
LaTeX Font Info:    ... okay on input line 17.
LaTeX Font Info:    Checking defaults for C64/mj/m/n on input line 17.
LaTeX Font Info:    ... okay on input line 17.
LaTeX Font Info:    Checking defaults for C65/mj/m/n on input line 17.
LaTeX Font Info:    ... okay on input line 17.
LaTeX Font Info:    Checking defaults for C70/song/m/n on input line 17.
LaTeX Font Info:    ... okay on input line 17.
LaTeX Font Info:    Checking defaults for C31/song/m/n on input line 17.
LaTeX Font Info:    ... okay on input line 17.
LaTeX Font Info:    Checking defaults for C32/song/m/n on input line 17.
LaTeX Font Info:    ... okay on input line 17.
LaTeX Font Info:    Checking defaults for C33/song/m/n on input line 17.
LaTeX Font Info:    ... okay on input line 17.
LaTeX Font Info:    Checking defaults for C34/song/m/n on input line 17.
LaTeX Font Info:    ... okay on input line 17.
LaTeX Font Info:    Checking defaults for C35/song/m/n on input line 17.
LaTeX Font Info:    ... okay on input line 17.
LaTeX Font Info:    Checking defaults for C36/song/m/n on input line 17.
LaTeX Font Info:    ... okay on input line 17.
LaTeX Font Info:    Checking defaults for C37/song/m/n on input line 17.
LaTeX Font Info:    ... okay on input line 17.
LaTeX Font Info:    Checking defaults for C80/song/m/n on input line 17.
LaTeX Font Info:    ... okay on input line 17.
LaTeX Font Info:    Checking defaults for C81/song/m/n on input line 17.
LaTeX Font Info:    ... okay on input line 17.
LaTeX Font Info:    Checking defaults for C01/song/m/n on input line 17.
LaTeX Font Info:    ... okay on input line 17.
LaTeX Font Info:    Checking defaults for C11/song/m/n on input line 17.
LaTeX Font Info:    ... okay on input line 17.
LaTeX Font Info:    Checking defaults for C21/song/m/n on input line 17.
LaTeX Font Info:    ... okay on input line 17.
LaTeX Font Info:    Checking defaults for C41/song/m/n on input line 17.
LaTeX Font Info:    ... okay on input line 17.
LaTeX Font Info:    Checking defaults for C62/song/m/n on input line 17.
LaTeX Font Info:    ... okay on input line 17.

(c:/texlive/2017/texmf-dist/tex/context/base/mkii/supp-pdf.mkii
[Loading MPS to PDF converter (version 2006.09.02).]
\scratchcounter=\count119
\scratchdimen=\dimen141
\scratchbox=\box55
\nofMPsegments=\count120
\nofMParguments=\count121
\everyMPshowfont=\toks22
\MPscratchCnt=\count122
\MPscratchDim=\dimen142
\MPnumerator=\count123
\makeMPintoPDFobject=\count124
\everyMPtoPDFconversion=\toks23
) (c:/texlive/2017/texmf-dist/tex/generic/oberdiek/pdftexcmds.sty
Package: pdftexcmds 2017/03/19 v0.25 Utility functions of pdfTeX for LuaTeX (HO
)

(c:/texlive/2017/texmf-dist/tex/generic/oberdiek/ifluatex.sty
Package: ifluatex 2016/05/16 v1.4 Provides the ifluatex switch (HO)
Package ifluatex Info: LuaTeX not detected.
)
(c:/texlive/2017/texmf-dist/tex/generic/oberdiek/ifpdf.sty
Package: ifpdf 2017/03/15 v3.2 Provides the ifpdf switch
)
Package pdftexcmds Info: LuaTeX not detected.
Package pdftexcmds Info: \pdf@primitive is available.
Package pdftexcmds Info: \pdf@ifprimitive is available.
Package pdftexcmds Info: \pdfdraftmode found.
)
(c:/texlive/2017/texmf-dist/tex/latex/oberdiek/epstopdf-base.sty
Package: epstopdf-base 2016/05/15 v2.6 Base part for package epstopdf

(c:/texlive/2017/texmf-dist/tex/latex/oberdiek/grfext.sty
Package: grfext 2016/05/16 v1.2 Manage graphics extensions (HO)

(c:/texlive/2017/texmf-dist/tex/generic/oberdiek/kvdefinekeys.sty
Package: kvdefinekeys 2016/05/16 v1.4 Define keys (HO)
))
(c:/texlive/2017/texmf-dist/tex/latex/oberdiek/kvoptions.sty
Package: kvoptions 2016/05/16 v3.12 Key value format for package options (HO)

(c:/texlive/2017/texmf-dist/tex/generic/oberdiek/kvsetkeys.sty
Package: kvsetkeys 2016/05/16 v1.17 Key value parser (HO)

(c:/texlive/2017/texmf-dist/tex/generic/oberdiek/etexcmds.sty
Package: etexcmds 2016/05/16 v1.6 Avoid name clashes with e-TeX commands (HO)
Package etexcmds Info: Could not find \expanded.
(etexcmds)             That can mean that you are not using pdfTeX 1.50 or
(etexcmds)             that some package has redefined \expanded.
(etexcmds)             In the latter case, load this package earlier.
)))
Package epstopdf-base Info: Redefining graphics rule for `.eps' on input line 4
38.
Package grfext Info: Graphics extension search list:
(grfext)             [.png,.pdf,.jpg,.mps,.jpeg,.jbig2,.jb2,.PNG,.PDF,.JPG,.JPE
G,.JBIG2,.JB2,.eps]
(grfext)             \AppendGraphicsExtensions on input line 456.

(c:/texlive/2017/texmf-dist/tex/latex/latexconfig/epstopdf-sys.cfg
File: epstopdf-sys.cfg 2010/07/13 v1.3 Configuration of (r)epstopdf for TeX Liv
e
))
Package lastpage Info: Please have a look at the pageslts package at
(lastpage)             https://www.ctan.org/pkg/pageslts
(lastpage)             ! on input line 17.

(c:/texlive/2017/texmf-dist/tex/latex/cjk/texinput/standard.bdg
File: standard.bdg 2015/04/18 4.8.4
)
(c:/texlive/2017/texmf-dist/tex/latex/cjk/texinput/standard.enc
File: standard.enc 2015/04/18 4.8.4
)
(c:/texlive/2017/texmf-dist/tex/latex/cjk/texinput/standard.chr
File: standard.chr 2015/04/18 4.8.4
)
LaTeX Font Info:    Try loading font information for U+msa on input line 23.

(c:/texlive/2017/texmf-dist/tex/latex/amsfonts/umsa.fd
File: umsa.fd 2013/01/14 v3.01 AMS symbols A
)
LaTeX Font Info:    Try loading font information for U+msb on input line 23.

(c:/texlive/2017/texmf-dist/tex/latex/amsfonts/umsb.fd
File: umsb.fd 2013/01/14 v3.01 AMS symbols B
)
LaTeX Font Info:    Try loading font information for U+rsfs on input line 23.

(c:/texlive/2017/texmf-dist/tex/latex/jknapltx/ursfs.fd
File: ursfs.fd 1998/03/24 rsfs font definition file (jk)
)
LaTeX Font Info:    Try loading font information for C10+gbsn on input line 36.


(c:/texlive/2017/texmf-dist/tex/latex/cjk/texinput/gb/c10gbsn.fd
File: c10gbsn.fd 2015/04/18 4.8.4
)
(c:/texlive/2017/texmf-dist/tex/latex/cjk/texinput/gb/c10gbsn.fdx
File: c10gbsn.fdx 2015/04/18 4.8.4
)
LaTeX Font Info:    Try loading font information for OMS+cmr on input line 62.

(c:/texlive/2017/texmf-dist/tex/latex/base/omscmr.fd
File: omscmr.fd 2014/09/29 v2.5h Standard LaTeX font definitions
)
LaTeX Font Info:    Font shape `OMS/cmr/m/n' in size <8> not available
(Font)              Font shape `OMS/cmsy/m/n' tried instead on input line 62.

<IBD.png, id=1, 279.9258pt x 173.448pt>
File: IBD.png Graphic file (type png)
 <use IBD.png>
Package pdftex.def Info: IBD.png used on input line 74.
(pdftex.def)             Requested size: 216.81pt x 134.3414pt.

<calibration_system.png, id=3, 292.9344pt x 332.9238pt>
File: calibration_system.png Graphic file (type png)

<use calibration_system.png>
Package pdftex.def Info: calibration_system.png used on input line 87.
(pdftex.def)             Requested size: 216.81pt x 246.41562pt.
 [1{c:/texlive/2017/texmf-var/fonts/map/pdftex/updmap/pdftex.map}

 <./IBD.png>] <ACU.png, id=23, 606.01407pt x 400.49625pt>
File: ACU.png Graphic file (type png)

<use ACU.png>
Package pdftex.def Info: ACU.png used on input line 96.
(pdftex.def)             Requested size: 216.81pt x 143.28021pt.

Overfull \hbox (47.4634pt too wide) in paragraph at lines 119--138
 [] 
 []

[2 <./calibration_system.png> <./ACU.png>]
<source_geometry1.png, id=30, 143.78719pt x 685.8122pt>
File: source_geometry1.png Graphic file (type png)

<use source_geometry1.png>
Package pdftex.def Info: source_geometry1.png used on input line 149.
(pdftex.def)             Requested size: 57.81621pt x 275.76414pt.

<source_geometry2.png, id=31, 280.04625pt x 438.13687pt>
File: source_geometry2.png Graphic file (type png)

<use source_geometry2.png>
Package pdftex.def Info: source_geometry2.png used on input line 155.
(pdftex.def)             Requested size: 108.405pt x 169.60245pt.

<source_geometry3.png, id=32, 602.25pt x 350.05782pt>
File: source_geometry3.png Graphic file (type png)

<use source_geometry3.png>
Package pdftex.def Info: source_geometry3.png used on input line 165.
(pdftex.def)             Requested size: 216.81pt x 126.0207pt.

<neutron_source_prototype.jpg, id=33, 311.0895pt x 233.5635pt>
File: neutron_source_prototype.jpg Graphic file (type jpg)

<use neutron_source_prototype.jpg>
Package pdftex.def Info: neutron_source_prototype.jpg used on input line 172.
(pdftex.def)             Requested size: 216.81pt x 162.7841pt.


pdfTeX warning: pdflatex.exe (file ./Cs137.pdf): PDF inclusion: found PDF versi
on <1.6>, but at most version <1.5> allowed
<Cs137.pdf, id=34, 569.12625pt x 385.44pt>
File: Cs137.pdf Graphic file (type pdf)
 <use Cs137.pdf>
Package pdftex.def Info: Cs137.pdf used on input line 182.
(pdftex.def)             Requested size: 216.81pt x 146.83336pt.
 [3 <./source_geometry1.png> <./source_geometry2.png> <./source_geometry3.png> 
<./neutron_source_prototype.jpg>] <neutron.pdf, id=38, 569.12625pt x 385.44pt>
File: neutron.pdf Graphic file (type pdf)
 <use neutron.pdf>
Package pdftex.def Info: neutron.pdf used on input line 189.
(pdftex.def)             Requested size: 216.81pt x 146.83336pt.


pdfTeX warning: pdflatex.exe (file ./shadowing_uncertainty.pdf): PDF inclusion:
 found PDF version <1.6>, but at most version <1.5> allowed
<shadowing_uncertainty.pdf, id=39, 569.12625pt x 408.52625pt>
File: shadowing_uncertainty.pdf Graphic file (type pdf)

<use shadowing_uncertainty.pdf>
Package pdftex.def Info: shadowing_uncertainty.pdf used on input line 196.
(pdftex.def)             Requested size: 216.81pt x 155.62807pt.

<compton_uncertainty.pdf, id=40, 569.12625pt x 408.52625pt>
File: compton_uncertainty.pdf Graphic file (type pdf)

<use compton_uncertainty.pdf>
Package pdftex.def Info: compton_uncertainty.pdf used on input line 203.
(pdftex.def)             Requested size: 216.81pt x 155.62807pt.


pdfTeX warning: pdflatex.exe (file ./stat_uncertainty.pdf): PDF inclusion: foun
d PDF version <1.6>, but at most version <1.5> allowed
<stat_uncertainty.pdf, id=41, 569.12625pt x 408.52625pt>
File: stat_uncertainty.pdf Graphic file (type pdf)

<use stat_uncertainty.pdf>
Package pdftex.def Info: stat_uncertainty.pdf used on input line 221.
(pdftex.def)             Requested size: 216.81pt x 155.62807pt.
 [4 <./Cs137.pdf, page is rotated 90 degrees> <./neutron.pdf, page is rotated 9
0 degrees> <./shadowing_uncertainty.pdf, page is rotated 90 degrees> <./compton
_uncertainty.pdf, page is rotated 90 degrees>]
<gamma2e_1.png, id=146, 577.1964pt x 107.9232pt>
File: gamma2e_1.png Graphic file (type png)
 <use gamma2e_1.png>
Package pdftex.def Info: gamma2e_1.png used on input line 236.
(pdftex.def)             Requested size: 289.07999pt x 54.05203pt.

<gamma2e_2.png, id=147, 577.1964pt x 135.8676pt>
File: gamma2e_2.png Graphic file (type png)
 <use gamma2e_2.png>
Package pdftex.def Info: gamma2e_2.png used on input line 237.
(pdftex.def)             Requested size: 289.07999pt x 68.04764pt.

Overfull \hbox (44.38629pt too wide) in paragraph at lines 236--239
 [] 
 []


Overfull \hbox (44.38629pt too wide) in paragraph at lines 236--239
 [] 
 []

<gamma_e_pdf1.png, id=148, 220.1826pt x 154.176pt>
File: gamma_e_pdf1.png Graphic file (type png)
 <use gamma_e_pdf1.png>
Package pdftex.def Info: gamma_e_pdf1.png used on input line 246.
(pdftex.def)             Requested size: 144.54pt x 101.21301pt.

<gamma_e_pdf2.png, id=149, 221.1462pt x 157.5486pt>
File: gamma_e_pdf2.png Graphic file (type png)
 <use gamma_e_pdf2.png>
Package pdftex.def Info: gamma_e_pdf2.png used on input line 247.
(pdftex.def)             Requested size: 144.54pt x 102.97511pt.

<non_linearity_fit.png, id=150, 184.9455pt x 123.516pt>
File: non_linearity_fit.png Graphic file (type png)

<use non_linearity_fit.png>
Package pdftex.def Info: non_linearity_fit.png used on input line 261.
(pdftex.def)             Requested size: 216.81pt x 144.80148pt.
 [5 <./stat_uncertainty.pdf, page is rotated 90 degrees> <./gamma2e_1.png> <./g
amma2e_2.png> <./gamma_e_pdf1.png> <./gamma_e_pdf2.png> <./non_linearity_fit.pn
g>]
<sys_uncertainty_non-linearity.png, id=162, 543.53062pt x 395.22656pt>
File: sys_uncertainty_non-linearity.png Graphic file (type png)

<use sys_uncertainty_non-linearity.png>
Package pdftex.def Info: sys_uncertainty_non-linearity.png used on input line 2
71.
(pdftex.def)             Requested size: 216.81pt x 157.65361pt.

<calibration_mapping.pdf, id=163, 453.695pt x 739.76375pt>
File: calibration_mapping.pdf Graphic file (type pdf)

<use calibration_mapping.pdf>
Package pdftex.def Info: calibration_mapping.pdf used on input line 282.
(pdftex.def)             Requested size: 216.81pt x 353.51355pt.

<spline_function.pdf, id=164, 597.23125pt x 845.1575pt>
File: spline_function.pdf Graphic file (type pdf)

<use spline_function.pdf>
Package pdftex.def Info: spline_function.pdf used on input line 289.
(pdftex.def)             Requested size: 216.81pt x 306.80989pt.
 <mono_energy_0.pdf, id=165, 569.12625pt x 385.44pt>
File: mono_energy_0.pdf Graphic file (type pdf)

<use mono_energy_0.pdf>
Package pdftex.def Info: mono_energy_0.pdf used on input line 297.
(pdftex.def)             Requested size: 180.67499pt x 122.36113pt.
 <mono_energy_1.pdf, id=166, 569.12625pt x 386.44376pt>
File: mono_energy_1.pdf Graphic file (type pdf)

<use mono_energy_1.pdf>
Package pdftex.def Info: mono_energy_1.pdf used on input line 298.
(pdftex.def)             Requested size: 180.67499pt x 122.67978pt.
 [6 <./sys_uncertainty_non-linearity.png> <./calibration_mapping.pdf>] <best_an
chor.pdf, id=214, 569.12625pt x 363.3575pt>
File: best_anchor.pdf Graphic file (type pdf)

<use best_anchor.pdf>
Package pdftex.def Info: best_anchor.pdf used on input line 309.
(pdftex.def)             Requested size: 289.07999pt x 184.57246pt.

Overfull \hbox (44.38629pt too wide) in paragraph at lines 309--310
 [] 
 []

<basic_coverage.pdf, id=215, 453.695pt x 739.76375pt>
File: basic_coverage.pdf Graphic file (type pdf)
 <use basic_coverage.pdf>
Package pdftex.def Info: basic_coverage.pdf used on input line 326.
(pdftex.def)             Requested size: 216.81pt x 353.51355pt.

[7 <./spline_function.pdf> <./mono_energy_0.pdf, page is rotated 90 degrees> <.
/mono_energy_1.pdf, page is rotated 90 degrees> <./best_anchor.pdf, page is rot
ated 90 degrees>]
<non_uniform_correct_bias.pdf, id=5333, 569.12625pt x 408.52625pt>
File: non_uniform_correct_bias.pdf Graphic file (type pdf)

<use non_uniform_correct_bias.pdf>
Package pdftex.def Info: non_uniform_correct_bias.pdf used on input line 334.
(pdftex.def)             Requested size: 180.67499pt x 129.69005pt.

<non_uniform_correct_resolution.pdf, id=5334, 569.12625pt x 408.52625pt>
File: non_uniform_correct_resolution.pdf Graphic file (type pdf)

<use non_uniform_correct_resolution.pdf>
Package pdftex.def Info: non_uniform_correct_resolution.pdf used on input line 
335.
(pdftex.def)             Requested size: 180.67499pt x 129.69005pt.

<bias_vertex.pdf, id=5335, 569.12625pt x 408.52625pt>
File: bias_vertex.pdf Graphic file (type pdf)
 <use bias_vertex.pdf>
Package pdftex.def Info: bias_vertex.pdf used on input line 336.
(pdftex.def)             Requested size: 180.67499pt x 129.69005pt.

<resolution_vertex.pdf, id=5336, 569.12625pt x 408.52625pt>
File: resolution_vertex.pdf Graphic file (type pdf)

<use resolution_vertex.pdf>
Package pdftex.def Info: resolution_vertex.pdf used on input line 337.
(pdftex.def)             Requested size: 180.67499pt x 129.69005pt.

<vertex_resolution.pdf, id=5337, 569.12625pt x 408.52625pt>
File: vertex_resolution.pdf Graphic file (type pdf)

<use vertex_resolution.pdf>
Package pdftex.def Info: vertex_resolution.pdf used on input line 344.
(pdftex.def)             Requested size: 216.81pt x 155.62807pt.
 [8 <./basic_coverage.pdf> <./non_uniform_correct_bias.pdf, page is rotated 90 
degrees> <./non_uniform_correct_resolution.pdf, page is rotated 90 degrees> <./
bias_vertex.pdf, page is rotated 90 degrees> <./resolution_vertex.pdf, page is 
rotated 90 degrees> <./vertex_resolution.pdf, page is rotated 90 degrees>] <a_b
.pdf, id=5600, 569.12625pt x 408.52625pt>
File: a_b.pdf Graphic file (type pdf)

<use a_b.pdf>
Package pdftex.def Info: a_b.pdf used on input line 358.
(pdftex.def)             Requested size: 216.81pt x 155.62807pt.

Overfull \hbox (267.4559pt too wide) in paragraph at lines 369--381
 [] 
 []


LaTeX Warning: Reference `weakly_time' on page 9 undefined on input line 388.


Overfull \hbox (239.00314pt too wide) in paragraph at lines 393--403
 [] 
 []


Overfull \hbox (261.79185pt too wide) in paragraph at lines 411--423
 [] 
 []


Overfull \hbox (239.00314pt too wide) in paragraph at lines 430--447
 [] 
 []

)
! Emergency stop.
<*> ./JUNO_calibration_strategy_v3.tex
                                      
*** (job aborted, no legal \end found)

 
Here is how much of TeX's memory you used:
 4778 strings out of 492995
 60991 string characters out of 6136402
 134421 words of memory out of 5000000
 8102 multiletter control sequences out of 15000+600000
 36922 words of font info for 137 fonts, out of 8000000 for 9000
 1141 hyphenation exceptions out of 8191
 39i,12n,45p,870b,635s stack positions out of 5000i,500n,10000p,200000b,80000s
!  ==> Fatal error occurred, no output PDF file produced!
